<?xml version="1.0" encoding="UTF-8"?>
<!-- Generated by org.testng.reporters.JUnitReportReporter -->
<testsuite skipped="0" hostname="CBT-MH-000" name="net.testcases.testcases.Hotel1" tests="1" failures="0" timestamp="28 Oct 2019 09:42:14 GMT" time="28.837" errors="0">
  <testcase name="run_Hotel" time="28.837" classname="net.testcases.testcases.Hotel1"/>
</testsuite> <!-- net.testcases.testcases.Hotel1 -->
