<?xml version="1.0" encoding="UTF-8"?>
<!-- Generated by org.testng.reporters.JUnitReportReporter -->
<testsuite skipped="0" hostname="CBT-MH-000" name="net.testcases.testcases.Signup1" tests="1" failures="0" timestamp="28 Oct 2019 09:38:29 GMT" time="11.947" errors="0">
  <testcase name="runsignup" time="11.947" classname="net.testcases.testcases.Signup1"/>
</testsuite> <!-- net.testcases.testcases.Signup1 -->
