<?xml version="1.0" encoding="UTF-8"?>
<!-- Generated by org.testng.reporters.JUnitReportReporter -->
<testsuite skipped="0" hostname="CBT-MH-000" name="net.testcases.testcases.Login1" tests="1" failures="0" timestamp="11 Oct 2019 13:04:49 GMT" time="14.644" errors="0">
  <testcase name="run_Login" time="14.644" classname="net.testcases.testcases.Login1"/>
</testsuite> <!-- net.testcases.testcases.Login1 -->
