<?xml version="1.0" encoding="UTF-8"?>
<!-- Generated by org.testng.reporters.JUnitReportReporter -->
<testsuite skipped="0" hostname="CBT-MH-000" name="net.testcases.testcases.SignupTestNg" tests="1" failures="0" timestamp="11 Oct 2019 11:03:54 GMT" time="12.423" errors="0">
  <testcase name="runsignup" time="12.423" classname="net.testcases.testcases.SignupTestNg"/>
</testsuite> <!-- net.testcases.testcases.SignupTestNg -->
